+-------------------------+
|main_orders_cnt_b4_insert|
+-------------------------+
|                        0|
+-------------------------+

merging validation branch into main ..
done
dropping valdiation branch ..
done
switching to main branch ..
done
+----------------------------+
|main_orders_cnt_after_insert|
+----------------------------+
|                          16|
+----------------------------+

+-------------------+----------+--------------------+----------+-------------+------------------+--------+----+--------------+---+--------+-------+---------+----------------+----------------+------------+-----+------------+----+--------+
|           Order_ID|order_Date|              Status|Fulfilment|Sales_Channel|ship_service_level|Category|Size|Courier_Status|Qty|currency| Amount|ship_city|      ship_state|ship_postal_code|ship_country|  B2B|fulfilled_by| New|PendingS|
+-------------------+----------+--------------------+----------+-------------+------------------+--------+----+--------------+---+--------+-------+---------+----------------+----------------+------------+-----+------------+----+--------+
|403-1147455-0953128|2022-04-26|             Shipped|    Amazon|    Amazon.in|         Expedited| T-shirt|   M|       Shipped|  1|     INR|1648.01|   MUMBAI|     MAHARASHTRA|          400089|          IN|false|        NULL|NULL|    NULL|
|402-6247468-4355542|2022-04-27|Shipped - Deliver...|  Merchant|    Amazon.in|          Standard|   Shirt|   L|       Shipped|  1|     INR| 458.91|LAKHIMPUR|   UTTAR PRADESH|          262701|          IN|false|   Easy Ship|NULL|    NULL|
|404-4388660-6585119|2022-04-30|             Shipped|    Amazon|    Amazon.in|         Expedited| T-shirt|   L|       Shipped|  1|     INR|1186.02|HYDERABAD|       TELANGANA|          500050|          IN|false|        NULL|NULL|    NULL|
|407-9287244-6741956|2022-04-28|             Shipped|    Amazon|    Amazon.in|         Expedited| Blazzer|  XL|       Shipped|  1|     INR| 884.99|    SURAT|         Gujarat|          395009|          IN|false|        NULL|NULL|    NULL|
|404-1580706-8406729|2022-04-30|             Shipped|    Amazon|    Amazon.in|         Expedited|   Shirt|  XL|       Shipped|  1|     INR| 474.98|  CHENNAI|      TAMIL NADU|          600028|          IN|false|        NULL|NULL|    NULL|
|171-4519721-7419566|2022-04-29|Shipped - Deliver...|  Merchant|    Amazon.in|          Standard| T-shirt|  XL|       Shipped|  1|     INR| 816.03| GURUGRAM|         HARYANA|          122002|          IN|false|   Easy Ship|NULL|    NULL|
|405-0892389-6639551|2022-04-24|             Shipped|    Amazon|    Amazon.in|         Expedited| T-shirt|  XS|       Shipped|  1|     INR| 455.06|Bengaluru|       KARNATAKA|          560076|          IN|false|        NULL|NULL|    NULL|
|404-9948787-3166729|2022-04-24|             Shipped|    Amazon|    Amazon.in|         Expedited| Blazzer|  XL|       Shipped|  1|     INR| 744.07|GHAZIABAD|   UTTAR PRADESH|          201009|          IN|false|        NULL|NULL|    NULL|
|403-5061524-1069157|2022-04-28|             Shipped|    Amazon|    Amazon.in|         Expedited| T-shirt|  XS|       Shipped|  1|     INR|1111.94|   BHILAI|    CHHATTISGARH|          490006|          IN|false|        NULL|NULL|    NULL|
|402-8288606-4313118|2022-04-30|             Shipped|    Amazon|    Amazon.in|         Expedited|   Shirt|   M|       Shipped|  1|     INR|  517.0| BILASPUR|HIMACHAL PRADESH|          174001|          IN|false|        NULL|NULL|    NULL|
|405-4273004-7443538|2022-04-26|             Shipped|    Amazon|    Amazon.in|         Expedited|   Shirt|   L|       Shipped|  1|     INR| 353.01|   PILERU|  ANDHRA PRADESH|          517214|          IN|false|        NULL|NULL|    NULL|
|408-2830412-5001168|2022-04-29|Shipped - Deliver...|  Merchant|    Amazon.in|          Standard|   Shirt|   M|       Shipped|  1|     INR| 499.01|   PUTTUR|       KARNATAKA|          574203|          IN|false|   Easy Ship|NULL|    NULL|
|404-8541183-2625124|2022-04-27|Shipped - Deliver...|  Merchant|    Amazon.in|          Standard| T-shirt|  XL|       Shipped|  1|     INR| 611.97|   GANJAM|          ODISHA|          761121|          IN|false|   Easy Ship|NULL|    NULL|
|404-0666105-3601963|2022-04-25|Shipped - Deliver...|  Merchant|    Amazon.in|          Standard|   Shirt| 3XL|       Shipped|  1|     INR| 517.01| GURUGRAM|         HARYANA|          122004|          IN|false|   Easy Ship|NULL|    NULL|
|405-3036350-8089120|2022-04-30|             Shipped|    Amazon|    Amazon.in|         Expedited|   Shirt|   M|       Shipped|  1|     INR| 794.98|ANKLESHWR|         Gujarat|          393002|          IN|false|        NULL|NULL|    NULL|
|403-3329838-9233131|2022-04-29|             Shipped|    Amazon|    Amazon.in|         Expedited| T-shirt|   M|       Shipped|  1|     INR|  654.0|  LUCKNOW|   UTTAR PRADESH|          226003|          IN|false|        NULL|NULL|    NULL|
+-------------------+----------+--------------------+----------+-------------+------------------+--------+----+--------------+---+--------+-------+---------+----------------+----------------+------------+-----+------------+----+--------+

+-------+----+--------------------+
|refType|name|                hash|
+-------+----+--------------------+
| Branch|main|f86bbd94e63cce75f...|
+-------+----+--------------------+

INFO:py4j.clientserver:Closing down clientserver connection
