INFO:root:Successfully loaded `/config/paths.env
INFO:root:Successfully loaded `/config/minio.env
INFO:root:Successfully loaded `/config/dremio.env
INFO:root:Successfully loaded `/config/nessie.env
INFO:root:Successfully loaded `/config/dwh.env
INFO:root:Creating "nessie.pipeline" namespace
INFO:root:Namespace"nessie.pipeline": Done ..!
INFO:root:Creating "nessie.bronz" namespace
INFO:root:Namespace"nessie.bronz": Done ..!
INFO:root:Creating "nessie.silver" namespace
INFO:root:Namespace"nessie.silver": Done ..!
INFO:root:Creating "nessie.gold" namespace
INFO:root:Namespace"nessie.gold": Done ..!
INFO:root:***********************************
INFO:root:Creating "main" nessie branch ..
INFO:root:Branch "main": Done ..!
INFO:root:***********************************
INFO:root:Summary:
INFO:root:Tables in branch: main
+---------+-------------+-----------+
|namespace|    tableName|isTemporary|
+---------+-------------+-----------+
|    bronz|amazon_orders|      false|
|   silver|amazon_orders|      false|
+---------+-------------+-----------+

INFO:py4j.clientserver:Closing down clientserver connection
